[22-Nov-2017 21:43:36 UTC] PHP Notice:  Undefined index: person in /home/xa1531xx/public_html/tests/hello_world.php on line 13
[22-Nov-2017 21:44:12 UTC] PHP Notice:  Undefined index: person in /home/xa1531xx/public_html/tests/hello_world.php on line 13
[22-Nov-2017 21:44:14 UTC] PHP Notice:  Undefined index: person in /home/xa1531xx/public_html/tests/hello_world.php on line 13
[22-Nov-2017 21:44:33 UTC] PHP Notice:  Undefined index: person in /home/xa1531xx/public_html/tests/hello_world.php on line 13
[22-Nov-2017 21:56:15 UTC] PHP Notice:  Undefined index: person in /home/xa1531xx/public_html/tests/hello_world.php on line 13
[23-Nov-2017 01:58:08 UTC] PHP Notice:  Undefined index: person in /home/xa1531xx/public_html/tests/hello_world.php on line 13
[23-Nov-2017 01:58:15 UTC] PHP Notice:  Undefined index: person in /home/xa1531xx/public_html/tests/hello_world.php on line 13
[23-Nov-2017 01:58:22 UTC] PHP Notice:  Undefined index: person in /home/xa1531xx/public_html/tests/hello_world.php on line 13
[23-Nov-2017 01:58:35 UTC] PHP Notice:  Undefined index: person in /home/xa1531xx/public_html/tests/hello_world.php on line 13
[23-Nov-2017 03:16:18 UTC] PHP Notice:  Undefined index: person in /home/xa1531xx/public_html/tests/index.php on line 8
[23-Nov-2017 03:16:19 UTC] PHP Notice:  Undefined index: person in /home/xa1531xx/public_html/tests/index.php on line 8
[23-Nov-2017 03:17:54 UTC] PHP Notice:  Undefined variable: saying in /home/xa1531xx/public_html/tests/hello_world.php on line 10
[23-Nov-2017 03:17:54 UTC] PHP Notice:  Undefined variable: sir in /home/xa1531xx/public_html/tests/hello_world.php on line 10
[23-Nov-2017 03:17:54 UTC] PHP Notice:  Undefined variable: person in /home/xa1531xx/public_html/tests/hello_world.php on line 10
[23-Nov-2017 03:17:54 UTC] PHP Notice:  Undefined index: person in /home/xa1531xx/public_html/tests/index.php on line 8
[23-Nov-2017 03:17:55 UTC] PHP Notice:  Undefined variable: saying in /home/xa1531xx/public_html/tests/hello_world.php on line 10
[23-Nov-2017 03:17:55 UTC] PHP Notice:  Undefined variable: sir in /home/xa1531xx/public_html/tests/hello_world.php on line 10
[23-Nov-2017 03:17:55 UTC] PHP Notice:  Undefined variable: person in /home/xa1531xx/public_html/tests/hello_world.php on line 10
[23-Nov-2017 03:17:55 UTC] PHP Notice:  Undefined index: person in /home/xa1531xx/public_html/tests/index.php on line 8
[23-Nov-2017 03:18:18 UTC] PHP Notice:  Undefined variable: saying in /home/xa1531xx/public_html/tests/hello_world.php on line 10
[23-Nov-2017 03:18:18 UTC] PHP Notice:  Undefined variable: sir in /home/xa1531xx/public_html/tests/hello_world.php on line 10
[23-Nov-2017 03:18:18 UTC] PHP Notice:  Undefined variable: person in /home/xa1531xx/public_html/tests/hello_world.php on line 10
[23-Nov-2017 03:18:18 UTC] PHP Notice:  Undefined index: person in /home/xa1531xx/public_html/tests/index.php on line 8
[23-Nov-2017 03:18:52 UTC] PHP Notice:  Undefined variable: saying in /home/xa1531xx/public_html/tests/hello_world.php on line 10
[23-Nov-2017 03:18:52 UTC] PHP Notice:  Undefined variable: sir in /home/xa1531xx/public_html/tests/hello_world.php on line 10
[23-Nov-2017 03:18:52 UTC] PHP Notice:  Undefined variable: person in /home/xa1531xx/public_html/tests/hello_world.php on line 10
[23-Nov-2017 03:35:02 UTC] PHP Parse error:  syntax error, unexpected end of file in /home/xa1531xx/public_html/tests/index.php on line 18
[23-Nov-2017 03:36:18 UTC] PHP Parse error:  syntax error, unexpected end of file in /home/xa1531xx/public_html/tests/index.php on line 18
[23-Nov-2017 03:36:20 UTC] PHP Parse error:  syntax error, unexpected end of file in /home/xa1531xx/public_html/tests/index.php on line 18
[23-Nov-2017 03:37:39 UTC] PHP Parse error:  syntax error, unexpected end of file in /home/xa1531xx/public_html/tests/index.php on line 18
[23-Nov-2017 03:37:41 UTC] PHP Parse error:  syntax error, unexpected end of file in /home/xa1531xx/public_html/tests/index.php on line 18
[23-Nov-2017 03:38:47 UTC] PHP Notice:  Undefined variable: saying in /home/xa1531xx/public_html/tests/hello_world.php on line 10
[23-Nov-2017 03:38:47 UTC] PHP Notice:  Undefined variable: sir in /home/xa1531xx/public_html/tests/hello_world.php on line 10
[23-Nov-2017 03:38:47 UTC] PHP Notice:  Undefined variable: person in /home/xa1531xx/public_html/tests/hello_world.php on line 10
[23-Nov-2017 03:38:47 UTC] PHP Notice:  Undefined variable: a in /home/xa1531xx/public_html/tests/hello_world.php on line 13
[23-Nov-2017 03:38:47 UTC] PHP Warning:  Invalid argument supplied for foreach() in /home/xa1531xx/public_html/tests/hello_world.php on line 13
[23-Nov-2017 03:39:50 UTC] PHP Notice:  Undefined variable: saying in /home/xa1531xx/public_html/tests/hello_world.php on line 10
[23-Nov-2017 03:39:50 UTC] PHP Notice:  Undefined variable: sir in /home/xa1531xx/public_html/tests/hello_world.php on line 10
[23-Nov-2017 03:39:50 UTC] PHP Notice:  Undefined variable: person in /home/xa1531xx/public_html/tests/hello_world.php on line 10
[23-Nov-2017 03:39:50 UTC] PHP Notice:  Undefined variable: arr in /home/xa1531xx/public_html/tests/hello_world.php on line 13
[23-Nov-2017 03:39:50 UTC] PHP Warning:  Invalid argument supplied for foreach() in /home/xa1531xx/public_html/tests/hello_world.php on line 13
[23-Nov-2017 03:39:51 UTC] PHP Notice:  Undefined variable: saying in /home/xa1531xx/public_html/tests/hello_world.php on line 10
[23-Nov-2017 03:39:51 UTC] PHP Notice:  Undefined variable: sir in /home/xa1531xx/public_html/tests/hello_world.php on line 10
[23-Nov-2017 03:39:51 UTC] PHP Notice:  Undefined variable: person in /home/xa1531xx/public_html/tests/hello_world.php on line 10
[23-Nov-2017 03:39:51 UTC] PHP Notice:  Undefined variable: arr in /home/xa1531xx/public_html/tests/hello_world.php on line 13
[23-Nov-2017 03:39:51 UTC] PHP Warning:  Invalid argument supplied for foreach() in /home/xa1531xx/public_html/tests/hello_world.php on line 13
[23-Nov-2017 03:42:07 UTC] PHP Notice:  Undefined variable: saying in /home/xa1531xx/public_html/tests/hello_world.php on line 10
[23-Nov-2017 03:42:07 UTC] PHP Notice:  Undefined variable: sir in /home/xa1531xx/public_html/tests/hello_world.php on line 10
[23-Nov-2017 03:42:07 UTC] PHP Notice:  Undefined variable: person in /home/xa1531xx/public_html/tests/hello_world.php on line 10
[23-Nov-2017 03:42:07 UTC] PHP Notice:  Undefined variable: arr in /home/xa1531xx/public_html/tests/hello_world.php on line 14
[23-Nov-2017 03:42:07 UTC] PHP Warning:  Invalid argument supplied for foreach() in /home/xa1531xx/public_html/tests/hello_world.php on line 14
[23-Nov-2017 03:42:09 UTC] PHP Notice:  Undefined variable: saying in /home/xa1531xx/public_html/tests/hello_world.php on line 10
[23-Nov-2017 03:42:09 UTC] PHP Notice:  Undefined variable: sir in /home/xa1531xx/public_html/tests/hello_world.php on line 10
[23-Nov-2017 03:42:09 UTC] PHP Notice:  Undefined variable: person in /home/xa1531xx/public_html/tests/hello_world.php on line 10
[23-Nov-2017 03:42:09 UTC] PHP Notice:  Undefined variable: arr in /home/xa1531xx/public_html/tests/hello_world.php on line 14
[23-Nov-2017 03:42:09 UTC] PHP Warning:  Invalid argument supplied for foreach() in /home/xa1531xx/public_html/tests/hello_world.php on line 14
[23-Nov-2017 03:45:19 UTC] PHP Notice:  Undefined variable: saying in /home/xa1531xx/public_html/tests/hello_world.php on line 10
[23-Nov-2017 03:45:19 UTC] PHP Notice:  Undefined variable: sir in /home/xa1531xx/public_html/tests/hello_world.php on line 10
[23-Nov-2017 03:45:19 UTC] PHP Notice:  Undefined variable: person in /home/xa1531xx/public_html/tests/hello_world.php on line 10
[23-Nov-2017 03:45:19 UTC] PHP Notice:  Undefined variable: arr in /home/xa1531xx/public_html/tests/hello_world.php on line 14
[23-Nov-2017 03:45:19 UTC] PHP Warning:  Invalid argument supplied for foreach() in /home/xa1531xx/public_html/tests/hello_world.php on line 14
[23-Nov-2017 03:47:44 UTC] PHP Notice:  Undefined variable: saying in /home/xa1531xx/public_html/tests/hello_world.php on line 10
[23-Nov-2017 03:47:44 UTC] PHP Notice:  Undefined variable: sir in /home/xa1531xx/public_html/tests/hello_world.php on line 10
[23-Nov-2017 03:47:44 UTC] PHP Notice:  Undefined variable: person in /home/xa1531xx/public_html/tests/hello_world.php on line 10
[23-Nov-2017 03:47:44 UTC] PHP Notice:  Undefined variable: arr in /home/xa1531xx/public_html/tests/hello_world.php on line 14
[23-Nov-2017 03:47:44 UTC] PHP Warning:  Invalid argument supplied for foreach() in /home/xa1531xx/public_html/tests/hello_world.php on line 14
[23-Nov-2017 03:47:50 UTC] PHP Notice:  Undefined variable: saying in /home/xa1531xx/public_html/tests/hello_world.php on line 10
[23-Nov-2017 03:47:50 UTC] PHP Notice:  Undefined variable: sir in /home/xa1531xx/public_html/tests/hello_world.php on line 10
[23-Nov-2017 03:47:50 UTC] PHP Notice:  Undefined variable: person in /home/xa1531xx/public_html/tests/hello_world.php on line 10
[23-Nov-2017 03:47:50 UTC] PHP Notice:  Undefined variable: arr in /home/xa1531xx/public_html/tests/hello_world.php on line 14
[23-Nov-2017 03:47:50 UTC] PHP Warning:  Invalid argument supplied for foreach() in /home/xa1531xx/public_html/tests/hello_world.php on line 14
[23-Nov-2017 03:48:01 UTC] PHP Notice:  Undefined variable: saying in /home/xa1531xx/public_html/tests/hello_world.php on line 10
[23-Nov-2017 03:48:01 UTC] PHP Notice:  Undefined variable: sir in /home/xa1531xx/public_html/tests/hello_world.php on line 10
[23-Nov-2017 03:48:01 UTC] PHP Notice:  Undefined variable: person in /home/xa1531xx/public_html/tests/hello_world.php on line 10
[23-Nov-2017 03:48:01 UTC] PHP Notice:  Undefined variable: arr in /home/xa1531xx/public_html/tests/hello_world.php on line 14
[23-Nov-2017 03:48:01 UTC] PHP Warning:  Invalid argument supplied for foreach() in /home/xa1531xx/public_html/tests/hello_world.php on line 14
[23-Nov-2017 03:48:01 UTC] PHP Notice:  Undefined index: person in /home/xa1531xx/public_html/tests/index.php on line 8
[23-Nov-2017 03:51:51 UTC] PHP Notice:  Undefined variable: saying in /home/xa1531xx/public_html/tests/hello_world.php on line 10
[23-Nov-2017 03:51:51 UTC] PHP Notice:  Undefined variable: sir in /home/xa1531xx/public_html/tests/hello_world.php on line 10
[23-Nov-2017 03:51:51 UTC] PHP Notice:  Undefined variable: person in /home/xa1531xx/public_html/tests/hello_world.php on line 10
[23-Nov-2017 03:51:51 UTC] PHP Notice:  Undefined variable: names in /home/xa1531xx/public_html/tests/hello_world.php on line 14
[23-Nov-2017 03:51:51 UTC] PHP Warning:  Invalid argument supplied for foreach() in /home/xa1531xx/public_html/tests/hello_world.php on line 14
[23-Nov-2017 03:51:51 UTC] PHP Notice:  Undefined index: person in /home/xa1531xx/public_html/tests/index.php on line 8
[23-Nov-2017 03:52:28 UTC] PHP Notice:  Undefined variable: saying in /home/xa1531xx/public_html/tests/hello_world.php on line 10
[23-Nov-2017 03:52:28 UTC] PHP Notice:  Undefined variable: sir in /home/xa1531xx/public_html/tests/hello_world.php on line 10
[23-Nov-2017 03:52:28 UTC] PHP Notice:  Undefined variable: person in /home/xa1531xx/public_html/tests/hello_world.php on line 10
[23-Nov-2017 03:52:28 UTC] PHP Notice:  Undefined variable: names in /home/xa1531xx/public_html/tests/hello_world.php on line 14
[23-Nov-2017 03:52:28 UTC] PHP Warning:  Invalid argument supplied for foreach() in /home/xa1531xx/public_html/tests/hello_world.php on line 14
[23-Nov-2017 03:52:28 UTC] PHP Notice:  Undefined index: person in /home/xa1531xx/public_html/tests/index.php on line 8
[23-Nov-2017 03:55:48 UTC] PHP Notice:  Undefined variable: saying in /home/xa1531xx/public_html/tests/hello_world.php on line 10
[23-Nov-2017 03:55:48 UTC] PHP Notice:  Undefined variable: sir in /home/xa1531xx/public_html/tests/hello_world.php on line 10
[23-Nov-2017 03:55:48 UTC] PHP Notice:  Undefined variable: person in /home/xa1531xx/public_html/tests/hello_world.php on line 10
[23-Nov-2017 03:55:48 UTC] PHP Notice:  Undefined variable: names in /home/xa1531xx/public_html/tests/hello_world.php on line 14
[23-Nov-2017 03:55:48 UTC] PHP Warning:  Invalid argument supplied for foreach() in /home/xa1531xx/public_html/tests/hello_world.php on line 14
[23-Nov-2017 03:55:48 UTC] PHP Notice:  Undefined variable: names in /home/xa1531xx/public_html/tests/hello_world.php on line 20
[23-Nov-2017 03:55:48 UTC] PHP Warning:  Invalid argument supplied for foreach() in /home/xa1531xx/public_html/tests/hello_world.php on line 20
[23-Nov-2017 03:55:48 UTC] PHP Notice:  Undefined index: person in /home/xa1531xx/public_html/tests/index.php on line 8
[23-Nov-2017 03:58:50 UTC] PHP Notice:  Undefined variable: saying in /home/xa1531xx/public_html/tests/hello_world.php on line 10
[23-Nov-2017 03:58:50 UTC] PHP Notice:  Undefined variable: sir in /home/xa1531xx/public_html/tests/hello_world.php on line 10
[23-Nov-2017 03:58:50 UTC] PHP Notice:  Undefined variable: person in /home/xa1531xx/public_html/tests/hello_world.php on line 10
[23-Nov-2017 03:58:50 UTC] PHP Notice:  Undefined variable: names in /home/xa1531xx/public_html/tests/hello_world.php on line 14
[23-Nov-2017 03:58:50 UTC] PHP Warning:  Invalid argument supplied for foreach() in /home/xa1531xx/public_html/tests/hello_world.php on line 14
[23-Nov-2017 03:58:50 UTC] PHP Notice:  Undefined variable: names in /home/xa1531xx/public_html/tests/hello_world.php on line 20
[23-Nov-2017 03:58:50 UTC] PHP Warning:  Invalid argument supplied for foreach() in /home/xa1531xx/public_html/tests/hello_world.php on line 20
[23-Nov-2017 03:58:50 UTC] PHP Notice:  Undefined index: person in /home/xa1531xx/public_html/tests/index.php on line 8
[23-Nov-2017 03:58:52 UTC] PHP Notice:  Undefined variable: saying in /home/xa1531xx/public_html/tests/hello_world.php on line 10
[23-Nov-2017 03:58:52 UTC] PHP Notice:  Undefined variable: sir in /home/xa1531xx/public_html/tests/hello_world.php on line 10
[23-Nov-2017 03:58:52 UTC] PHP Notice:  Undefined variable: person in /home/xa1531xx/public_html/tests/hello_world.php on line 10
[23-Nov-2017 03:58:52 UTC] PHP Notice:  Undefined variable: names in /home/xa1531xx/public_html/tests/hello_world.php on line 14
[23-Nov-2017 03:58:52 UTC] PHP Warning:  Invalid argument supplied for foreach() in /home/xa1531xx/public_html/tests/hello_world.php on line 14
[23-Nov-2017 03:58:52 UTC] PHP Notice:  Undefined variable: names in /home/xa1531xx/public_html/tests/hello_world.php on line 20
[23-Nov-2017 03:58:52 UTC] PHP Warning:  Invalid argument supplied for foreach() in /home/xa1531xx/public_html/tests/hello_world.php on line 20
[23-Nov-2017 03:58:52 UTC] PHP Notice:  Undefined index: person in /home/xa1531xx/public_html/tests/index.php on line 8
[23-Nov-2017 03:59:00 UTC] PHP Notice:  Undefined variable: saying in /home/xa1531xx/public_html/tests/hello_world.php on line 10
[23-Nov-2017 03:59:00 UTC] PHP Notice:  Undefined variable: sir in /home/xa1531xx/public_html/tests/hello_world.php on line 10
[23-Nov-2017 03:59:00 UTC] PHP Notice:  Undefined variable: person in /home/xa1531xx/public_html/tests/hello_world.php on line 10
[23-Nov-2017 03:59:00 UTC] PHP Notice:  Undefined variable: names in /home/xa1531xx/public_html/tests/hello_world.php on line 14
[23-Nov-2017 03:59:00 UTC] PHP Warning:  Invalid argument supplied for foreach() in /home/xa1531xx/public_html/tests/hello_world.php on line 14
[23-Nov-2017 03:59:00 UTC] PHP Notice:  Undefined variable: names in /home/xa1531xx/public_html/tests/hello_world.php on line 20
[23-Nov-2017 03:59:00 UTC] PHP Warning:  Invalid argument supplied for foreach() in /home/xa1531xx/public_html/tests/hello_world.php on line 20
[23-Nov-2017 03:59:00 UTC] PHP Notice:  Undefined index: person in /home/xa1531xx/public_html/tests/index.php on line 8
[23-Nov-2017 05:14:32 UTC] PHP Notice:  Undefined variable: saying in /home/xa1531xx/public_html/tests/hello_world.php on line 10
[23-Nov-2017 05:14:32 UTC] PHP Notice:  Undefined variable: sir in /home/xa1531xx/public_html/tests/hello_world.php on line 10
[23-Nov-2017 05:14:32 UTC] PHP Notice:  Undefined variable: person in /home/xa1531xx/public_html/tests/hello_world.php on line 10
[23-Nov-2017 05:14:32 UTC] PHP Notice:  Undefined variable: names in /home/xa1531xx/public_html/tests/hello_world.php on line 14
[23-Nov-2017 05:14:32 UTC] PHP Warning:  Invalid argument supplied for foreach() in /home/xa1531xx/public_html/tests/hello_world.php on line 14
[23-Nov-2017 05:14:32 UTC] PHP Notice:  Undefined variable: names in /home/xa1531xx/public_html/tests/hello_world.php on line 20
[23-Nov-2017 05:14:32 UTC] PHP Warning:  Invalid argument supplied for foreach() in /home/xa1531xx/public_html/tests/hello_world.php on line 20
[23-Nov-2017 05:14:32 UTC] PHP Notice:  Undefined index: person in /home/xa1531xx/public_html/tests/index.php on line 8
[23-Nov-2017 19:07:18 UTC] PHP Parse error:  syntax error, unexpected '?>' in /home/xa1531xx/public_html/tests/hello_world.php on line 10
[23-Nov-2017 19:07:42 UTC] PHP Parse error:  syntax error, unexpected '?>' in /home/xa1531xx/public_html/tests/hello_world.php on line 10
[26-Nov-2017 19:18:59 UTC] PHP Parse error:  syntax error, unexpected ';', expecting ',' or ')' in /home/xa1531xx/public_html/tests/hello_world.php on line 12
[26-Nov-2017 19:22:51 UTC] PHP Parse error:  syntax error, unexpected ';', expecting ',' or ')' in /home/xa1531xx/public_html/tests/hello_world.php on line 12
[26-Nov-2017 19:22:53 UTC] PHP Parse error:  syntax error, unexpected ';', expecting ',' or ')' in /home/xa1531xx/public_html/tests/hello_world.php on line 12
[26-Nov-2017 19:22:54 UTC] PHP Parse error:  syntax error, unexpected ';', expecting ',' or ')' in /home/xa1531xx/public_html/tests/hello_world.php on line 12
[26-Nov-2017 19:23:25 UTC] PHP Parse error:  syntax error, unexpected '=', expecting end of file in /home/xa1531xx/public_html/tests/hello_world.php on line 12
[26-Nov-2017 19:23:26 UTC] PHP Parse error:  syntax error, unexpected '=', expecting end of file in /home/xa1531xx/public_html/tests/hello_world.php on line 12
[26-Nov-2017 19:23:49 UTC] PHP Parse error:  syntax error, unexpected '=', expecting end of file in /home/xa1531xx/public_html/tests/hello_world.php on line 12
[26-Nov-2017 19:23:50 UTC] PHP Parse error:  syntax error, unexpected '=', expecting end of file in /home/xa1531xx/public_html/tests/hello_world.php on line 12
[26-Nov-2017 19:25:53 UTC] PHP Notice:  Undefined variable: tasks in /home/xa1531xx/public_html/tests/hello_world.php on line 12
[26-Nov-2017 19:25:53 UTC] PHP Notice:  Undefined variable: tasks in /home/xa1531xx/public_html/tests/hello_world.php on line 15
[26-Nov-2017 19:25:53 UTC] PHP Notice:  Undefined variable: tasks in /home/xa1531xx/public_html/tests/hello_world.php on line 18
[26-Nov-2017 19:25:53 UTC] PHP Notice:  Undefined variable: tasks in /home/xa1531xx/public_html/tests/hello_world.php on line 21
[26-Nov-2017 19:28:34 UTC] PHP Notice:  Undefined variable: tasks in /home/xa1531xx/public_html/tests/hello_world.php on line 12
[26-Nov-2017 19:28:34 UTC] PHP Notice:  Undefined variable: tasks in /home/xa1531xx/public_html/tests/hello_world.php on line 15
[26-Nov-2017 19:28:34 UTC] PHP Notice:  Undefined variable: tasks in /home/xa1531xx/public_html/tests/hello_world.php on line 18
[26-Nov-2017 19:28:34 UTC] PHP Notice:  Undefined variable: tasks in /home/xa1531xx/public_html/tests/hello_world.php on line 21
[26-Nov-2017 22:47:53 UTC] PHP Notice:  Undefined variable: tasks in /home/xa1531xx/public_html/tests/hello_world.php on line 12
[26-Nov-2017 22:47:53 UTC] PHP Notice:  Undefined variable: tasks in /home/xa1531xx/public_html/tests/hello_world.php on line 15
[26-Nov-2017 22:47:53 UTC] PHP Notice:  Undefined variable: tasks in /home/xa1531xx/public_html/tests/hello_world.php on line 18
[26-Nov-2017 22:47:53 UTC] PHP Notice:  Undefined variable: tasks in /home/xa1531xx/public_html/tests/hello_world.php on line 21
[26-Nov-2017 22:52:25 UTC] PHP Notice:  Undefined variable: tasks in /home/xa1531xx/public_html/tests/hello_world.php on line 12
[26-Nov-2017 22:52:25 UTC] PHP Notice:  Undefined variable: tasks in /home/xa1531xx/public_html/tests/hello_world.php on line 15
[26-Nov-2017 22:52:25 UTC] PHP Notice:  Undefined variable: tasks in /home/xa1531xx/public_html/tests/hello_world.php on line 18
[26-Nov-2017 22:52:25 UTC] PHP Notice:  Undefined variable: tasks in /home/xa1531xx/public_html/tests/hello_world.php on line 21
[26-Nov-2017 22:57:29 UTC] PHP Notice:  Undefined variable: tasks in /home/xa1531xx/public_html/tests/hello_world.php on line 12
[26-Nov-2017 22:57:29 UTC] PHP Notice:  Undefined variable: tasks in /home/xa1531xx/public_html/tests/hello_world.php on line 15
[26-Nov-2017 22:57:29 UTC] PHP Notice:  Undefined variable: tasks in /home/xa1531xx/public_html/tests/hello_world.php on line 18
[26-Nov-2017 22:57:29 UTC] PHP Notice:  Undefined variable: tasks in /home/xa1531xx/public_html/tests/hello_world.php on line 21
[26-Nov-2017 23:06:36 UTC] PHP Notice:  Undefined variable: associate in /home/xa1531xx/public_html/tests/hello_world.php on line 27
[26-Nov-2017 23:06:36 UTC] PHP Warning:  Invalid argument supplied for foreach() in /home/xa1531xx/public_html/tests/hello_world.php on line 27
[26-Nov-2017 23:06:36 UTC] PHP Notice:  Undefined variable: names in /home/xa1531xx/public_html/tests/hello_world.php on line 34
[26-Nov-2017 23:06:36 UTC] PHP Warning:  Invalid argument supplied for foreach() in /home/xa1531xx/public_html/tests/hello_world.php on line 34
[26-Nov-2017 23:06:36 UTC] PHP Notice:  Undefined variable: names in /home/xa1531xx/public_html/tests/hello_world.php on line 40
[26-Nov-2017 23:06:36 UTC] PHP Warning:  Invalid argument supplied for foreach() in /home/xa1531xx/public_html/tests/hello_world.php on line 40
[26-Nov-2017 23:23:33 UTC] PHP Parse error:  syntax error, unexpected end of file in /home/xa1531xx/public_html/tests/hello_world.php on line 54
[26-Nov-2017 23:23:34 UTC] PHP Parse error:  syntax error, unexpected end of file in /home/xa1531xx/public_html/tests/hello_world.php on line 54
[26-Nov-2017 23:24:49 UTC] PHP Parse error:  syntax error, unexpected '?>' in /home/xa1531xx/public_html/tests/hello_world.php on line 21
[26-Nov-2017 23:25:31 UTC] PHP Parse error:  syntax error, unexpected '?>' in /home/xa1531xx/public_html/tests/hello_world.php on line 21
[26-Nov-2017 23:25:33 UTC] PHP Parse error:  syntax error, unexpected '?>' in /home/xa1531xx/public_html/tests/hello_world.php on line 21
[26-Nov-2017 23:27:04 UTC] PHP Parse error:  syntax error, unexpected '?>' in /home/xa1531xx/public_html/tests/hello_world.php on line 21
[26-Nov-2017 23:27:06 UTC] PHP Parse error:  syntax error, unexpected '?>' in /home/xa1531xx/public_html/tests/hello_world.php on line 21
[26-Nov-2017 23:29:20 UTC] PHP Parse error:  syntax error, unexpected '?>' in /home/xa1531xx/public_html/tests/hello_world.php on line 21
[26-Nov-2017 23:31:11 UTC] PHP Warning:  Unterminated comment starting line 34 in /home/xa1531xx/public_html/tests/hello_world.php on line 34
[26-Nov-2017 23:31:11 UTC] PHP Parse error:  syntax error, unexpected end of file in /home/xa1531xx/public_html/tests/hello_world.php on line 55
[27-Nov-2017 16:39:55 UTC] PHP Notice:  Undefined index: person in /home/xa1531xx/public_html/tests/index.php on line 9
[27-Nov-2017 16:40:58 UTC] PHP Notice:  Undefined index: person in /home/xa1531xx/public_html/tests/index.php on line 9
[27-Nov-2017 16:41:45 UTC] PHP Notice:  Undefined index: person in /home/xa1531xx/public_html/tests/index.php on line 9
[27-Nov-2017 16:42:34 UTC] PHP Notice:  Undefined index: person in /home/xa1531xx/public_html/tests/index.php on line 9
[27-Nov-2017 16:42:42 UTC] PHP Notice:  Undefined index: person in /home/xa1531xx/public_html/tests/index.php on line 9
[27-Nov-2017 16:44:41 UTC] PHP Notice:  Undefined index: person in /home/xa1531xx/public_html/tests/index.php on line 9
[27-Nov-2017 16:47:39 UTC] PHP Notice:  Undefined index: person in /home/xa1531xx/public_html/tests/index.php on line 9
[27-Nov-2017 16:47:45 UTC] PHP Notice:  Undefined index: person in /home/xa1531xx/public_html/tests/index.php on line 9
[30-Nov-2017 02:23:20 UTC] PHP Fatal error:  Uncaught Error: Call to undefined function age() in /home/xa1531xx/public_html/tests/index.php:38
Stack trace:
#0 {main}
  thrown in /home/xa1531xx/public_html/tests/index.php on line 38
[30-Nov-2017 02:23:24 UTC] PHP Fatal error:  Uncaught Error: Call to undefined function age() in /home/xa1531xx/public_html/tests/index.php:38
Stack trace:
#0 {main}
  thrown in /home/xa1531xx/public_html/tests/index.php on line 38
[30-Nov-2017 02:24:43 UTC] PHP Fatal error:  Uncaught Error: Call to undefined function age() in /home/xa1531xx/public_html/tests/index.php:38
Stack trace:
#0 {main}
  thrown in /home/xa1531xx/public_html/tests/index.php on line 38
[30-Nov-2017 02:26:14 UTC] PHP Parse error:  syntax error, unexpected 'echo' (T_ECHO), expecting ')' in /home/xa1531xx/public_html/tests/functions.php on line 6
[30-Nov-2017 02:26:15 UTC] PHP Parse error:  syntax error, unexpected 'echo' (T_ECHO), expecting ')' in /home/xa1531xx/public_html/tests/functions.php on line 6
[30-Nov-2017 02:26:38 UTC] PHP Parse error:  syntax error, unexpected 'echo' (T_ECHO), expecting ')' in /home/xa1531xx/public_html/tests/functions.php on line 6
[30-Nov-2017 02:38:35 UTC] PHP Parse error:  syntax error, unexpected 'echo' (T_ECHO), expecting ')' in /home/xa1531xx/public_html/tests/functions.php on line 6
[30-Nov-2017 02:38:36 UTC] PHP Parse error:  syntax error, unexpected 'echo' (T_ECHO), expecting ')' in /home/xa1531xx/public_html/tests/functions.php on line 6
[07-Dec-2017 20:29:47 UTC] PHP Parse error:  syntax error, unexpected 'function_construct' (T_STRING), expecting function (T_FUNCTION) or const (T_CONST) in /home/xa1531xx/public_html/tests/index.php on line 46
[07-Dec-2017 20:29:50 UTC] PHP Parse error:  syntax error, unexpected 'function_construct' (T_STRING), expecting function (T_FUNCTION) or const (T_CONST) in /home/xa1531xx/public_html/tests/index.php on line 46
[07-Dec-2017 20:30:47 UTC] PHP Parse error:  syntax error, unexpected 'function_construct' (T_STRING), expecting function (T_FUNCTION) or const (T_CONST) in /home/xa1531xx/public_html/tests/index.php on line 46
[07-Dec-2017 20:33:06 UTC] PHP Fatal error:  Uncaught ArgumentCountError: Too few arguments to function task::__construct(), 1 passed in /home/xa1531xx/public_html/tests/index.php on line 54 and exactly 2 expected in /home/xa1531xx/public_html/tests/index.php:46
Stack trace:
#0 /home/xa1531xx/public_html/tests/index.php(54): task->__construct('Go to the bar')
#1 {main}
  thrown in /home/xa1531xx/public_html/tests/index.php on line 46
[07-Dec-2017 21:10:07 UTC] PHP Fatal error:  Uncaught ArgumentCountError: Too few arguments to function task::__construct(), 1 passed in /home/xa1531xx/public_html/tests/index.php on line 54 and exactly 2 expected in /home/xa1531xx/public_html/tests/index.php:46
Stack trace:
#0 /home/xa1531xx/public_html/tests/index.php(54): task->__construct('Go to the bar')
#1 {main}
  thrown in /home/xa1531xx/public_html/tests/index.php on line 46
[07-Dec-2017 21:10:15 UTC] PHP Fatal error:  Uncaught Error: Call to undefined function dd() in /home/xa1531xx/public_html/tests/index.php:56
Stack trace:
#0 {main}
  thrown in /home/xa1531xx/public_html/tests/index.php on line 56
[08-Dec-2017 02:10:20 UTC] PHP Fatal error:  Uncaught ArgumentCountError: Too few arguments to function task::__construct(), 1 passed in /home/xa1531xx/public_html/tests/index.php on line 58 and exactly 2 expected in /home/xa1531xx/public_html/tests/index.php:46
Stack trace:
#0 /home/xa1531xx/public_html/tests/index.php(58): task->__construct('lol')
#1 {main}
  thrown in /home/xa1531xx/public_html/tests/index.php on line 46
[08-Dec-2017 02:13:59 UTC] PHP Fatal error:  Uncaught ArgumentCountError: Too few arguments to function task::__construct(), 1 passed in /home/xa1531xx/public_html/tests/index.php on line 58 and exactly 2 expected in /home/xa1531xx/public_html/tests/index.php:46
Stack trace:
#0 /home/xa1531xx/public_html/tests/index.php(58): task->__construct('lol')
#1 {main}
  thrown in /home/xa1531xx/public_html/tests/index.php on line 46
[08-Dec-2017 02:14:00 UTC] PHP Fatal error:  Uncaught ArgumentCountError: Too few arguments to function task::__construct(), 1 passed in /home/xa1531xx/public_html/tests/index.php on line 58 and exactly 2 expected in /home/xa1531xx/public_html/tests/index.php:46
Stack trace:
#0 /home/xa1531xx/public_html/tests/index.php(58): task->__construct('lol')
#1 {main}
  thrown in /home/xa1531xx/public_html/tests/index.php on line 46
[08-Dec-2017 02:14:31 UTC] PHP Fatal error:  Uncaught ArgumentCountError: Too few arguments to function task::__construct(), 1 passed in /home/xa1531xx/public_html/tests/index.php on line 58 and exactly 2 expected in /home/xa1531xx/public_html/tests/index.php:46
Stack trace:
#0 /home/xa1531xx/public_html/tests/index.php(58): task->__construct('lol')
#1 {main}
  thrown in /home/xa1531xx/public_html/tests/index.php on line 46
[08-Dec-2017 02:16:01 UTC] PHP Fatal error:  Uncaught ArgumentCountError: Too few arguments to function task::__construct(), 1 passed in /home/xa1531xx/public_html/tests/index.php on line 58 and exactly 2 expected in /home/xa1531xx/public_html/tests/index.php:46
Stack trace:
#0 /home/xa1531xx/public_html/tests/index.php(58): task->__construct('lol')
#1 {main}
  thrown in /home/xa1531xx/public_html/tests/index.php on line 46
[08-Dec-2017 02:17:02 UTC] PHP Fatal error:  Uncaught ArgumentCountError: Too few arguments to function task::__construct(), 1 passed in /home/xa1531xx/public_html/tests/index.php on line 58 and exactly 2 expected in /home/xa1531xx/public_html/tests/index.php:46
Stack trace:
#0 /home/xa1531xx/public_html/tests/index.php(58): task->__construct('lol')
#1 {main}
  thrown in /home/xa1531xx/public_html/tests/index.php on line 46
[08-Dec-2017 02:17:32 UTC] PHP Fatal error:  Uncaught ArgumentCountError: Too few arguments to function task::__construct(), 1 passed in /home/xa1531xx/public_html/tests/index.php on line 58 and exactly 2 expected in /home/xa1531xx/public_html/tests/index.php:46
Stack trace:
#0 /home/xa1531xx/public_html/tests/index.php(58): task->__construct('lol')
#1 {main}
  thrown in /home/xa1531xx/public_html/tests/index.php on line 46
[08-Dec-2017 02:38:22 UTC] PHP Parse error:  syntax error, unexpected 'in' (T_STRING) in /home/xa1531xx/public_html/tests/hello_world.php on line 56
[08-Dec-2017 02:47:23 UTC] PHP Parse error:  syntax error, unexpected 'in' (T_STRING) in /home/xa1531xx/public_html/tests/hello_world.php on line 56
[08-Dec-2017 02:49:24 UTC] PHP Parse error:  syntax error, unexpected 'in' (T_STRING) in /home/xa1531xx/public_html/tests/hello_world.php on line 56
[08-Dec-2017 02:49:25 UTC] PHP Parse error:  syntax error, unexpected 'in' (T_STRING) in /home/xa1531xx/public_html/tests/hello_world.php on line 56
[08-Dec-2017 02:56:33 UTC] PHP Parse error:  syntax error, unexpected 'in' (T_STRING) in /home/xa1531xx/public_html/tests/hello_world.php on line 56
[08-Dec-2017 02:57:58 UTC] PHP Parse error:  syntax error, unexpected 'in' (T_STRING) in /home/xa1531xx/public_html/tests/hello_world.php on line 56
[08-Dec-2017 03:33:59 UTC] PHP Parse error:  syntax error, unexpected '->' (T_OBJECT_OPERATOR), expecting ']' in /home/xa1531xx/public_html/tests/index.php on line 61
[08-Dec-2017 04:45:09 UTC] PHP Warning:  require(login.php): failed to open stream: No such file or directory in /home/xa1531xx/public_html/tests/index.php on line 8
[08-Dec-2017 04:45:09 UTC] PHP Fatal error:  require(): Failed opening required 'login.php' (include_path='.:/opt/alt/php71/usr/share/pear') in /home/xa1531xx/public_html/tests/index.php on line 8
[08-Dec-2017 04:45:52 UTC] PHP Parse error:  syntax error, unexpected ';' in /home/xa1531xx/public_html/tests/login.php on line 2
[09-Dec-2017 22:43:18 UTC] PHP Warning:  require(Task.php): failed to open stream: No such file or directory in /home/xa1531xx/public_html/tests/index.php on line 9
[09-Dec-2017 22:43:18 UTC] PHP Fatal error:  require(): Failed opening required 'Task.php' (include_path='.:/opt/alt/php71/usr/share/pear') in /home/xa1531xx/public_html/tests/index.php on line 9
[09-Dec-2017 22:50:44 UTC] PHP Notice:  Undefined variable: un in /home/xa1531xx/public_html/tests/functions.php on line 5
[09-Dec-2017 22:50:44 UTC] PHP Notice:  Undefined variable: pw in /home/xa1531xx/public_html/tests/functions.php on line 5
[09-Dec-2017 22:51:25 UTC] PHP Notice:  Undefined variable: un in /home/xa1531xx/public_html/tests/functions.php on line 5
[09-Dec-2017 22:51:25 UTC] PHP Notice:  Undefined variable: pw in /home/xa1531xx/public_html/tests/functions.php on line 5
[09-Dec-2017 22:51:27 UTC] PHP Notice:  Undefined variable: un in /home/xa1531xx/public_html/tests/functions.php on line 5
[09-Dec-2017 22:51:27 UTC] PHP Notice:  Undefined variable: pw in /home/xa1531xx/public_html/tests/functions.php on line 5
[09-Dec-2017 22:52:43 UTC] PHP Notice:  Undefined variable: un in /home/xa1531xx/public_html/tests/functions.php on line 6
[09-Dec-2017 22:52:43 UTC] PHP Notice:  Undefined variable: pw in /home/xa1531xx/public_html/tests/functions.php on line 6
[09-Dec-2017 22:54:06 UTC] PHP Notice:  Undefined variable: un in /home/xa1531xx/public_html/tests/functions.php on line 5
[09-Dec-2017 22:54:06 UTC] PHP Notice:  Undefined variable: pw in /home/xa1531xx/public_html/tests/functions.php on line 5
[09-Dec-2017 22:54:07 UTC] PHP Notice:  Undefined variable: un in /home/xa1531xx/public_html/tests/functions.php on line 5
[09-Dec-2017 22:54:07 UTC] PHP Notice:  Undefined variable: pw in /home/xa1531xx/public_html/tests/functions.php on line 5
[09-Dec-2017 22:54:54 UTC] PHP Fatal error:  Uncaught Error: Call to a member function prepare() on null in /home/xa1531xx/public_html/tests/index.php:71
Stack trace:
#0 {main}
  thrown in /home/xa1531xx/public_html/tests/index.php on line 71
[09-Dec-2017 22:58:39 UTC] PHP Fatal error:  Uncaught Error: Call to a member function prepare() on null in /home/xa1531xx/public_html/tests/index.php:71
Stack trace:
#0 {main}
  thrown in /home/xa1531xx/public_html/tests/index.php on line 71
[09-Dec-2017 23:00:29 UTC] PHP Notice:  Undefined variable: un in /home/xa1531xx/public_html/tests/functions.php on line 5
[09-Dec-2017 23:00:29 UTC] PHP Notice:  Undefined variable: pw in /home/xa1531xx/public_html/tests/functions.php on line 5
[11-Dec-2017 03:20:59 UTC] PHP Fatal error:  Uncaught Error: Class 'connection' not found in /home/xa1531xx/public_html/tests/index.php:69
Stack trace:
#0 {main}
  thrown in /home/xa1531xx/public_html/tests/index.php on line 69
[11-Dec-2017 03:21:19 UTC] PHP Fatal error:  Uncaught Error: Class 'connection' not found in /home/xa1531xx/public_html/tests/index.php:69
Stack trace:
#0 {main}
  thrown in /home/xa1531xx/public_html/tests/index.php on line 69
[11-Dec-2017 03:24:15 UTC] PHP Notice:  Undefined variable: un in /home/xa1531xx/public_html/tests/connection.php on line 6
[11-Dec-2017 03:24:15 UTC] PHP Notice:  Undefined variable: pw in /home/xa1531xx/public_html/tests/connection.php on line 6
[11-Dec-2017 03:55:56 UTC] PHP Fatal error:  Uncaught Error: Class 'query_builder' not found in /home/xa1531xx/public_html/tests/index.php:74
Stack trace:
#0 {main}
  thrown in /home/xa1531xx/public_html/tests/index.php on line 74
[11-Dec-2017 04:06:33 UTC] PHP Notice:  Undefined variable: query in /home/xa1531xx/public_html/tests/index.php on line 67
[11-Dec-2017 04:06:33 UTC] PHP Fatal error:  Uncaught Error: Call to a member function selectAll() on null in /home/xa1531xx/public_html/tests/index.php:67
Stack trace:
#0 {main}
  thrown in /home/xa1531xx/public_html/tests/index.php on line 67
[11-Dec-2017 04:10:54 UTC] PHP Parse error:  syntax error, unexpected ';', expecting ',' or ')' in /home/xa1531xx/public_html/tests/bootstrap.php on line 14
[11-Dec-2017 06:34:25 UTC] PHP Notice:  Undefined variable: config in /home/xa1531xx/public_html/tests/bootstrap.php on line 14
[11-Dec-2017 06:34:25 UTC] PHP Notice:  Undefined variable: un in /home/xa1531xx/public_html/tests/connection.php on line 6
[11-Dec-2017 06:34:25 UTC] PHP Notice:  Undefined variable: pw in /home/xa1531xx/public_html/tests/connection.php on line 6
[11-Dec-2017 06:35:44 UTC] PHP Notice:  Undefined variable: config in /home/xa1531xx/public_html/tests/bootstrap.php on line 14
[11-Dec-2017 06:35:44 UTC] PHP Notice:  Undefined variable: un in /home/xa1531xx/public_html/tests/connection.php on line 6
[11-Dec-2017 06:35:44 UTC] PHP Notice:  Undefined variable: pw in /home/xa1531xx/public_html/tests/connection.php on line 6
[11-Dec-2017 06:36:42 UTC] PHP Notice:  Undefined variable: config in /home/xa1531xx/public_html/tests/bootstrap.php on line 14
[11-Dec-2017 06:48:29 UTC] PHP Parse error:  syntax error, unexpected ':', expecting ']' in /home/xa1531xx/public_html/tests/config.php on line 10
[11-Dec-2017 06:51:10 UTC] PHP Fatal error:  Uncaught Error: Undefined class constant 'ERRMOD_EXCEPTION' in /home/xa1531xx/public_html/tests/config.php:10
Stack trace:
#0 /home/xa1531xx/public_html/tests/bootstrap.php(7): require()
#1 /home/xa1531xx/public_html/tests/index.php(3): require('/home/xa1531xx/...')
#2 {main}
  thrown in /home/xa1531xx/public_html/tests/config.php on line 10
[11-Dec-2017 07:12:02 UTC] PHP Fatal error:  Uncaught Error: Undefined class constant 'ERRMOD_EXCEPTION' in /home/xa1531xx/public_html/tests/config.php:10
Stack trace:
#0 /home/xa1531xx/public_html/tests/bootstrap.php(7): require()
#1 /home/xa1531xx/public_html/tests/index.php(3): require('/home/xa1531xx/...')
#2 {main}
  thrown in /home/xa1531xx/public_html/tests/config.php on line 10
[11-Dec-2017 07:16:31 UTC] PHP Fatal error:  Uncaught Error: Undefined class constant 'ERRMOD_EXCEPTION' in /home/xa1531xx/public_html/tests/config.php:10
Stack trace:
#0 /home/xa1531xx/public_html/tests/bootstrap.php(7): require()
#1 /home/xa1531xx/public_html/tests/index.php(3): require('/home/xa1531xx/...')
#2 {main}
  thrown in /home/xa1531xx/public_html/tests/config.php on line 10
[11-Dec-2017 07:29:30 UTC] PHP Fatal error:  Uncaught Error: Undefined class constant 'ERRMOD_EXCEPTION' in /home/xa1531xx/public_html/tests/config.php:10
Stack trace:
#0 /home/xa1531xx/public_html/tests/bootstrap.php(7): require()
#1 /home/xa1531xx/public_html/tests/index.php(3): require('/home/xa1531xx/...')
#2 {main}
  thrown in /home/xa1531xx/public_html/tests/config.php on line 10
[11-Dec-2017 07:29:31 UTC] PHP Fatal error:  Uncaught Error: Undefined class constant 'ERRMOD_EXCEPTION' in /home/xa1531xx/public_html/tests/config.php:10
Stack trace:
#0 /home/xa1531xx/public_html/tests/bootstrap.php(7): require()
#1 /home/xa1531xx/public_html/tests/index.php(3): require('/home/xa1531xx/...')
#2 {main}
  thrown in /home/xa1531xx/public_html/tests/config.php on line 10
[11-Dec-2017 07:34:41 UTC] PHP Fatal error:  Uncaught Error: Undefined class constant 'ERRMOD_EXCEPTION' in /home/xa1531xx/public_html/tests/config.php:10
Stack trace:
#0 /home/xa1531xx/public_html/tests/bootstrap.php(7): require()
#1 /home/xa1531xx/public_html/tests/index.php(3): require('/home/xa1531xx/...')
#2 {main}
  thrown in /home/xa1531xx/public_html/tests/config.php on line 10
[11-Dec-2017 07:35:17 UTC] PHP Fatal error:  Uncaught Error: Undefined class constant 'ERRMOD_EXCEPTION' in /home/xa1531xx/public_html/tests/config.php:10
Stack trace:
#0 /home/xa1531xx/public_html/tests/bootstrap.php(7): require()
#1 /home/xa1531xx/public_html/tests/index.php(3): require('/home/xa1531xx/...')
#2 {main}
  thrown in /home/xa1531xx/public_html/tests/config.php on line 10
[11-Dec-2017 07:35:19 UTC] PHP Fatal error:  Uncaught Error: Undefined class constant 'ERRMOD_EXCEPTION' in /home/xa1531xx/public_html/tests/config.php:10
Stack trace:
#0 /home/xa1531xx/public_html/tests/bootstrap.php(7): require()
#1 /home/xa1531xx/public_html/tests/index.php(3): require('/home/xa1531xx/...')
#2 {main}
  thrown in /home/xa1531xx/public_html/tests/config.php on line 10
[11-Dec-2017 07:36:55 UTC] PHP Fatal error:  Uncaught Error: Undefined class constant 'ERRMOD_EXCEPTION' in /home/xa1531xx/public_html/tests/config.php:10
Stack trace:
#0 /home/xa1531xx/public_html/tests/bootstrap.php(7): require()
#1 /home/xa1531xx/public_html/tests/index.php(3): require('/home/xa1531xx/...')
#2 {main}
  thrown in /home/xa1531xx/public_html/tests/config.php on line 10
[11-Dec-2017 07:37:34 UTC] PHP Fatal error:  Uncaught Error: Undefined class constant 'ERRMOD_EXCEPTION' in /home/xa1531xx/public_html/tests/config.php:10
Stack trace:
#0 /home/xa1531xx/public_html/tests/bootstrap.php(7): require()
#1 /home/xa1531xx/public_html/tests/index.php(3): require('/home/xa1531xx/...')
#2 {main}
  thrown in /home/xa1531xx/public_html/tests/config.php on line 10
[11-Dec-2017 07:45:49 UTC] PHP Fatal error:  Uncaught Error: Undefined class constant 'ERRMOD_EXCEPTION' in /home/xa1531xx/public_html/tests/config.php:10
Stack trace:
#0 /home/xa1531xx/public_html/tests/bootstrap.php(7): require()
#1 /home/xa1531xx/public_html/tests/index.php(3): require('/home/xa1531xx/...')
#2 {main}
  thrown in /home/xa1531xx/public_html/tests/config.php on line 10
[11-Dec-2017 07:49:29 UTC] PHP Fatal error:  Uncaught Error: Undefined class constant 'ERRMOD_WARNING' in /home/xa1531xx/public_html/tests/config.php:10
Stack trace:
#0 /home/xa1531xx/public_html/tests/bootstrap.php(7): require()
#1 /home/xa1531xx/public_html/tests/index.php(3): require('/home/xa1531xx/...')
#2 {main}
  thrown in /home/xa1531xx/public_html/tests/config.php on line 10
[11-Dec-2017 08:00:20 UTC] PHP Fatal error:  Uncaught Error: Undefined class constant 'ERRMOD_WARNING' in /home/xa1531xx/public_html/tests/config.php:10
Stack trace:
#0 /home/xa1531xx/public_html/tests/bootstrap.php(3): require()
#1 /home/xa1531xx/public_html/tests/index.php(7): require('/home/xa1531xx/...')
#2 {main}
  thrown in /home/xa1531xx/public_html/tests/config.php on line 10
[11-Dec-2017 08:01:26 UTC] PHP Fatal error:  Uncaught Error: Undefined class constant 'ERRMOD_WARNING' in /home/xa1531xx/public_html/tests/config.php:10
Stack trace:
#0 /home/xa1531xx/public_html/tests/bootstrap.php(3): require()
#1 /home/xa1531xx/public_html/tests/index.php(7): require('/home/xa1531xx/...')
#2 {main}
  thrown in /home/xa1531xx/public_html/tests/config.php on line 10
[14-Dec-2017 19:57:23 UTC] PHP Parse error:  syntax error, unexpected 'require' (T_REQUIRE) in /home/xa1531xx/public_html/tests/core/bootstrap.php on line 5
[14-Dec-2017 19:59:19 UTC] PHP Parse error:  syntax error, unexpected 'require' (T_REQUIRE) in /home/xa1531xx/public_html/tests/core/bootstrap.php on line 5
[14-Dec-2017 21:34:09 UTC] PHP Parse error:  syntax error, unexpected 'require' (T_REQUIRE) in /home/xa1531xx/public_html/tests/core/bootstrap.php on line 5
[15-Dec-2017 02:56:34 UTC] PHP Parse error:  syntax error, unexpected 'require' (T_REQUIRE) in /home/xa1531xx/public_html/tests/core/bootstrap.php on line 5
[15-Dec-2017 04:45:02 UTC] PHP Fatal error:  Uncaught Exception: No route difined for this URI. in /home/xa1531xx/public_html/tests/core/router.php:14
Stack trace:
#0 /home/xa1531xx/public_html/tests/index.php(14): Router->direct('tests')
#1 {main}
  thrown in /home/xa1531xx/public_html/tests/core/router.php on line 14
[15-Dec-2017 04:50:09 UTC] PHP Fatal error:  Uncaught Exception: No route difined for this URI. in /home/xa1531xx/public_html/tests/core/router.php:14
Stack trace:
#0 /home/xa1531xx/public_html/tests/index.php(14): Router->direct('tests')
#1 {main}
  thrown in /home/xa1531xx/public_html/tests/core/router.php on line 14
[15-Dec-2017 04:52:39 UTC] PHP Fatal error:  Uncaught ArgumentCountError: Too few arguments to function queryBuilder::selectAll(), 1 passed in /home/xa1531xx/public_html/tests/controller/index.php on line 3 and exactly 2 expected in /home/xa1531xx/public_html/tests/core/database/query_builder.php:10
Stack trace:
#0 /home/xa1531xx/public_html/tests/controller/index.php(3): queryBuilder->selectAll('todos')
#1 /home/xa1531xx/public_html/tests/index.php(14): require('/home/xa1531xx/...')
#2 {main}
  thrown in /home/xa1531xx/public_html/tests/core/database/query_builder.php on line 10
[15-Dec-2017 04:58:52 UTC] PHP Fatal error:  Uncaught ArgumentCountError: Too few arguments to function queryBuilder::selectAll(), 1 passed in /home/xa1531xx/public_html/tests/controller/index.php on line 3 and exactly 2 expected in /home/xa1531xx/public_html/tests/core/database/query_builder.php:10
Stack trace:
#0 /home/xa1531xx/public_html/tests/controller/index.php(3): queryBuilder->selectAll('todos')
#1 /home/xa1531xx/public_html/tests/index.php(14): require('/home/xa1531xx/...')
#2 {main}
  thrown in /home/xa1531xx/public_html/tests/core/database/query_builder.php on line 10
[15-Dec-2017 05:00:38 UTC] PHP Fatal error:  Uncaught ArgumentCountError: Too few arguments to function queryBuilder::selectAll(), 1 passed in /home/xa1531xx/public_html/tests/controller/index.php on line 3 and exactly 2 expected in /home/xa1531xx/public_html/tests/core/database/query_builder.php:10
Stack trace:
#0 /home/xa1531xx/public_html/tests/controller/index.php(3): queryBuilder->selectAll('todos')
#1 /home/xa1531xx/public_html/tests/index.php(14): require('/home/xa1531xx/...')
#2 {main}
  thrown in /home/xa1531xx/public_html/tests/core/database/query_builder.php on line 10
[15-Dec-2017 05:01:40 UTC] PHP Fatal error:  Uncaught ArgumentCountError: Too few arguments to function queryBuilder::selectAll(), 1 passed in /home/xa1531xx/public_html/tests/controller/index.php on line 3 and exactly 2 expected in /home/xa1531xx/public_html/tests/core/database/query_builder.php:10
Stack trace:
#0 /home/xa1531xx/public_html/tests/controller/index.php(3): queryBuilder->selectAll('todos')
#1 /home/xa1531xx/public_html/tests/index.php(14): require('/home/xa1531xx/...')
#2 {main}
  thrown in /home/xa1531xx/public_html/tests/core/database/query_builder.php on line 10
[15-Dec-2017 05:03:30 UTC] PHP Fatal error:  Uncaught ArgumentCountError: Too few arguments to function queryBuilder::selectAll(), 1 passed in /home/xa1531xx/public_html/tests/controller/index.php on line 3 and exactly 2 expected in /home/xa1531xx/public_html/tests/core/database/query_builder.php:10
Stack trace:
#0 /home/xa1531xx/public_html/tests/controller/index.php(3): queryBuilder->selectAll('todos')
#1 /home/xa1531xx/public_html/tests/index.php(14): require('/home/xa1531xx/...')
#2 {main}
  thrown in /home/xa1531xx/public_html/tests/core/database/query_builder.php on line 10
[15-Dec-2017 05:49:50 UTC] PHP Fatal error:  Uncaught Exception: No route difined for this URI. in /home/xa1531xx/public_html/tests/core/router.php:14
Stack trace:
#0 /home/xa1531xx/public_html/tests/index.php(15): Router->direct('tests//index.ph...')
#1 {main}
  thrown in /home/xa1531xx/public_html/tests/core/router.php on line 14
[15-Dec-2017 05:50:01 UTC] PHP Fatal error:  Uncaught Exception: No route difined for this URI. in /home/xa1531xx/public_html/tests/core/router.php:14
Stack trace:
#0 /home/xa1531xx/public_html/tests/index.php(15): Router->direct('tests')
#1 {main}
  thrown in /home/xa1531xx/public_html/tests/core/router.php on line 14
[15-Dec-2017 05:50:25 UTC] PHP Fatal error:  Uncaught Exception: No route difined for this URI. in /home/xa1531xx/public_html/tests/core/router.php:14
Stack trace:
#0 /home/xa1531xx/public_html/tests/index.php(15): Router->direct('tests/index.php')
#1 {main}
  thrown in /home/xa1531xx/public_html/tests/core/router.php on line 14
[15-Dec-2017 05:50:29 UTC] PHP Fatal error:  Uncaught Exception: No route difined for this URI. in /home/xa1531xx/public_html/tests/core/router.php:14
Stack trace:
#0 /home/xa1531xx/public_html/tests/index.php(15): Router->direct('tests/index.php')
#1 {main}
  thrown in /home/xa1531xx/public_html/tests/core/router.php on line 14
[15-Dec-2017 05:51:37 UTC] PHP Fatal error:  Uncaught Exception: No route difined for this URI. in /home/xa1531xx/public_html/tests/core/router.php:14
Stack trace:
#0 /home/xa1531xx/public_html/tests/index.php(15): Router->direct('tests')
#1 {main}
  thrown in /home/xa1531xx/public_html/tests/core/router.php on line 14
[15-Dec-2017 05:52:30 UTC] PHP Fatal error:  Uncaught Exception: No route difined for this URI. in /home/xa1531xx/public_html/tests/core/router.php:14
Stack trace:
#0 /home/xa1531xx/public_html/tests/index.php(15): Router->direct('tests/index.php')
#1 {main}
  thrown in /home/xa1531xx/public_html/tests/core/router.php on line 14
[15-Dec-2017 05:52:51 UTC] PHP Fatal error:  Uncaught Exception: No route difined for this URI. in /home/xa1531xx/public_html/tests/core/router.php:14
Stack trace:
#0 /home/xa1531xx/public_html/tests/index.php(15): Router->direct('tests/index.php...')
#1 {main}
  thrown in /home/xa1531xx/public_html/tests/core/router.php on line 14
[15-Dec-2017 05:55:13 UTC] PHP Fatal error:  Uncaught Exception: No route difined for this URI. in /home/xa1531xx/public_html/tests/core/router.php:14
Stack trace:
#0 /home/xa1531xx/public_html/tests/index.php(15): Router->direct('tests/')
#1 {main}
  thrown in /home/xa1531xx/public_html/tests/core/router.php on line 14
[15-Dec-2017 05:57:34 UTC] PHP Fatal error:  Uncaught Exception: No route difined for this URI. in /home/xa1531xx/public_html/tests/core/router.php:14
Stack trace:
#0 /home/xa1531xx/public_html/tests/index.php(15): Router->direct('tests/')
#1 {main}
  thrown in /home/xa1531xx/public_html/tests/core/router.php on line 14
[15-Dec-2017 05:57:36 UTC] PHP Fatal error:  Uncaught Exception: No route difined for this URI. in /home/xa1531xx/public_html/tests/core/router.php:14
Stack trace:
#0 /home/xa1531xx/public_html/tests/index.php(15): Router->direct('tests/')
#1 {main}
  thrown in /home/xa1531xx/public_html/tests/core/router.php on line 14
[15-Dec-2017 05:57:51 UTC] PHP Fatal error:  Uncaught Exception: No route difined for this URI. in /home/xa1531xx/public_html/tests/core/router.php:14
Stack trace:
#0 /home/xa1531xx/public_html/tests/index.php(15): Router->direct('/tests/')
#1 {main}
  thrown in /home/xa1531xx/public_html/tests/core/router.php on line 14
[15-Dec-2017 05:58:33 UTC] PHP Fatal error:  Uncaught Exception: No route difined for this URI. in /home/xa1531xx/public_html/tests/core/router.php:14
Stack trace:
#0 /home/xa1531xx/public_html/tests/index.php(15): Router->direct('/tests/')
#1 {main}
  thrown in /home/xa1531xx/public_html/tests/core/router.php on line 14
[15-Dec-2017 05:59:22 UTC] PHP Fatal error:  Uncaught Exception: No route difined for this URI. in /home/xa1531xx/public_html/tests/core/router.php:14
Stack trace:
#0 /home/xa1531xx/public_html/tests/index.php(15): Router->direct('/tests/')
#1 {main}
  thrown in /home/xa1531xx/public_html/tests/core/router.php on line 14
[15-Dec-2017 06:00:22 UTC] PHP Fatal error:  Uncaught Exception: No route difined for this URI. in /home/xa1531xx/public_html/tests/core/router.php:14
Stack trace:
#0 /home/xa1531xx/public_html/tests/index.php(15): Router->direct('/tests/')
#1 {main}
  thrown in /home/xa1531xx/public_html/tests/core/router.php on line 14
[15-Dec-2017 06:00:40 UTC] PHP Fatal error:  Uncaught Exception: No route difined for this URI. in /home/xa1531xx/public_html/tests/core/router.php:14
Stack trace:
#0 /home/xa1531xx/public_html/tests/index.php(15): Router->direct('/tests/')
#1 {main}
  thrown in /home/xa1531xx/public_html/tests/core/router.php on line 14
[15-Dec-2017 06:01:37 UTC] PHP Fatal error:  Uncaught Exception: No route difined for this URI. in /home/xa1531xx/public_html/tests/core/router.php:14
Stack trace:
#0 /home/xa1531xx/public_html/tests/index.php(15): Router->direct('/tests/')
#1 {main}
  thrown in /home/xa1531xx/public_html/tests/core/router.php on line 14
[15-Dec-2017 06:01:52 UTC] PHP Fatal error:  Uncaught Exception: No route difined for this URI. in /home/xa1531xx/public_html/tests/core/router.php:14
Stack trace:
#0 /home/xa1531xx/public_html/tests/index.php(15): Router->direct('/tests/')
#1 {main}
  thrown in /home/xa1531xx/public_html/tests/core/router.php on line 14
[15-Dec-2017 06:01:53 UTC] PHP Fatal error:  Uncaught Exception: No route difined for this URI. in /home/xa1531xx/public_html/tests/core/router.php:14
Stack trace:
#0 /home/xa1531xx/public_html/tests/index.php(15): Router->direct('/tests/')
#1 {main}
  thrown in /home/xa1531xx/public_html/tests/core/router.php on line 14
[15-Dec-2017 06:01:53 UTC] PHP Fatal error:  Uncaught Exception: No route difined for this URI. in /home/xa1531xx/public_html/tests/core/router.php:14
Stack trace:
#0 /home/xa1531xx/public_html/tests/index.php(15): Router->direct('/tests/')
#1 {main}
  thrown in /home/xa1531xx/public_html/tests/core/router.php on line 14
[15-Dec-2017 06:02:27 UTC] PHP Warning:  require(/tests/controller/index.php): failed to open stream: No such file or directory in /home/xa1531xx/public_html/tests/index.php on line 15
[15-Dec-2017 06:02:27 UTC] PHP Fatal error:  require(): Failed opening required '/tests/controller/index.php' (include_path='.:/opt/alt/php71/usr/share/pear') in /home/xa1531xx/public_html/tests/index.php on line 15
[15-Dec-2017 06:04:36 UTC] PHP Fatal error:  Uncaught ArgumentCountError: Too few arguments to function queryBuilder::selectAll(), 1 passed in /home/xa1531xx/public_html/tests/controller/index.php on line 3 and exactly 2 expected in /home/xa1531xx/public_html/tests/core/database/query_builder.php:10
Stack trace:
#0 /home/xa1531xx/public_html/tests/controller/index.php(3): queryBuilder->selectAll('todos')
#1 /home/xa1531xx/public_html/tests/index.php(15): require('/home/xa1531xx/...')
#2 {main}
  thrown in /home/xa1531xx/public_html/tests/core/database/query_builder.php on line 10
[15-Dec-2017 06:06:23 UTC] PHP Fatal error:  Uncaught Exception: No route difined for this URI. in /home/xa1531xx/public_html/tests/core/router.php:14
Stack trace:
#0 /home/xa1531xx/public_html/tests/index.php(15): Router->direct('tests')
#1 {main}
  thrown in /home/xa1531xx/public_html/tests/core/router.php on line 14
[15-Dec-2017 06:07:12 UTC] PHP Fatal error:  Uncaught ArgumentCountError: Too few arguments to function queryBuilder::selectAll(), 1 passed in /home/xa1531xx/public_html/tests/controller/index.php on line 3 and exactly 2 expected in /home/xa1531xx/public_html/tests/core/database/query_builder.php:10
Stack trace:
#0 /home/xa1531xx/public_html/tests/controller/index.php(3): queryBuilder->selectAll('todos')
#1 /home/xa1531xx/public_html/tests/index.php(15): require('/home/xa1531xx/...')
#2 {main}
  thrown in /home/xa1531xx/public_html/tests/core/database/query_builder.php on line 10
[15-Dec-2017 06:08:33 UTC] PHP Fatal error:  Uncaught ArgumentCountError: Too few arguments to function queryBuilder::selectAll(), 1 passed in /home/xa1531xx/public_html/tests/controller/index.php on line 3 and exactly 2 expected in /home/xa1531xx/public_html/tests/core/database/query_builder.php:10
Stack trace:
#0 /home/xa1531xx/public_html/tests/controller/index.php(3): queryBuilder->selectAll('todos')
#1 /home/xa1531xx/public_html/tests/index.php(15): require('/home/xa1531xx/...')
#2 {main}
  thrown in /home/xa1531xx/public_html/tests/core/database/query_builder.php on line 10
[15-Dec-2017 06:11:12 UTC] PHP Parse error:  syntax error, unexpected '$_SERVER' (T_VARIABLE) in /home/xa1531xx/public_html/tests/index.php on line 12
[15-Dec-2017 06:11:16 UTC] PHP Parse error:  syntax error, unexpected '$_SERVER' (T_VARIABLE) in /home/xa1531xx/public_html/tests/index.php on line 12
[15-Dec-2017 06:11:44 UTC] PHP Parse error:  syntax error, unexpected ';', expecting ',' or ')' in /home/xa1531xx/public_html/tests/index.php on line 12
[15-Dec-2017 06:11:46 UTC] PHP Parse error:  syntax error, unexpected ';', expecting ',' or ')' in /home/xa1531xx/public_html/tests/index.php on line 12
[15-Dec-2017 06:29:46 UTC] PHP Fatal error:  Uncaught Error: Using $this when not in object context in /home/xa1531xx/public_html/tests/routes.php:2
Stack trace:
#0 /home/xa1531xx/public_html/tests/index.php(10): require()
#1 {main}
  thrown in /home/xa1531xx/public_html/tests/routes.php on line 2
[15-Dec-2017 06:40:35 UTC] PHP Fatal error:  Uncaught Exception: No route difined for this URI. in /home/xa1531xx/public_html/tests/core/router.php:14
Stack trace:
#0 /home/xa1531xx/public_html/tests/index.php(15): Router->direct('/tests/')
#1 {main}
  thrown in /home/xa1531xx/public_html/tests/core/router.php on line 14
[15-Dec-2017 06:43:56 UTC] PHP Fatal error:  Uncaught Error: Call to undefined function split() in /home/xa1531xx/public_html/tests/index.php:12
Stack trace:
#0 {main}
  thrown in /home/xa1531xx/public_html/tests/index.php on line 12
[15-Dec-2017 07:03:06 UTC] PHP Fatal error:  Uncaught Error: Call to undefined function split() in /home/xa1531xx/public_html/tests/index.php:12
Stack trace:
#0 {main}
  thrown in /home/xa1531xx/public_html/tests/index.php on line 12
[15-Dec-2017 07:04:13 UTC] PHP Fatal error:  Uncaught Exception: No route difined for this URI. in /home/xa1531xx/public_html/tests/core/router.php:14
Stack trace:
#0 /home/xa1531xx/public_html/tests/index.php(15): Router->direct('tests')
#1 {main}
  thrown in /home/xa1531xx/public_html/tests/core/router.php on line 14
[19-Dec-2017 02:35:38 UTC] PHP Fatal error:  Uncaught Exception: No route difined for this URI. in /home/xa1531xx/public_html/tests/core/router.php:14
Stack trace:
#0 /home/xa1531xx/public_html/tests/index.php(15): Router->direct('tests')
#1 {main}
  thrown in /home/xa1531xx/public_html/tests/core/router.php on line 14
